2023-01-22T09:44:31+00:00 DEBUG POST: https://business-api.tiktok.com/open_api/v1.2/tbp/business_profile/disconnect/

{"external_business_id":false,"business_platform":"WOO_COMMERCE","is_setup_page":0,"app_id":false}
 ajax: no
2023-01-22T09:44:31+00:00 DEBUG Tt4b_Mapi_Class::mapi_post: Response: 

HTTP/1.1 200 OK
Server: nginx
Content-Type: application/json; charset=utf-8
Content-Length: 103
X-Api-Deprecation-Info: API for Business Version 1.3 is now live. To avoid disruption to your business, we recommend you migrate all calls to v1.3 as soon as possible. Please visit our migration guide for more details: https://ads.tiktok.com/marketing_api/docs?id=1740029169927169
X-Domain-Change-Info: We have moved to the new domain business-api.tiktok.com for API services after the Platform Upgrade on 09/30/2021. Please update all of your requests with the new domain if you haven't done so already. For more information, please visit https://ads.tiktok.com/marketing_api/docs?rid=esb88xalm6m&id=1709207085043713
X-Tt-Logid: 2023012209443018EF66587E9CF23A96B8
x-tt-trace-host: 01f77e3dd1b6bb1395cc37f6ff8e7069f6a5df0301681022a22ee5a134ede57b886c121de7f5870e6479b93e955da3202cc81814514e124661d1646689ec679164f7ab6e2e89641b88b02581bffcb06942f460abf491996fdc09c298c896065242642b579e6714b2127d6c5ef550dddab9
X-Origin-Response-Time: 51,184.50.95.200
X-Akamai-Request-ID: f41fe7b.18d01a19
Expires: Sun, 22 Jan 2023 09:44:32 GMT
Cache-Control: max-age=0, no-cache, no-store
Pragma: no-cache
Date: Sun, 22 Jan 2023 09:44:32 GMT
X-Cache: TCP_MISS from a88-221-145-47.deploy.akamaitechnologies.com (AkamaiGHost/10.10.3-45298580) (-)
Connection: close
X-Cache-Remote: TCP_MISS from a184-50-95-200.deploy.akamaitechnologies.com (AkamaiGHost/10.10.3-45298580) (-)
x-tt-trace-tag: id=16;cdn-cache=miss;type=dyn
Server-Timing: cdn-cache; desc=MISS, edge; dur=177, origin; dur=51
Server-Timing: inner; dur=8
X-Parent-Response-Time: 216,88.221.145.47

{"code":40104,"message":"The access_token is empty.","request_id":"2023012209443018EF66587E9CF23A96B8"}

2023-01-22T09:44:31+00:00 DEBUG POST: https://business-api.tiktok.com/tbp/v2.0/shop/connection/disconnect?external_data=

--- EMPTY STRING ---
 ajax: no
2023-01-22T09:44:32+00:00 DEBUG Tt4b_Mapi_Class::tts_shop_disconnect: Response: 

HTTP/1.1 200 OK
Server: nginx
Content-Type: application/json; charset=utf-8
Content-Length: 95
X-Api-Deprecation-Info: API for Business Version 1.3 is now live. To avoid disruption to your business, we recommend you migrate all calls to v1.3 as soon as possible. Please visit our migration guide for more details: https://ads.tiktok.com/marketing_api/docs?id=1740029169927169
X-Domain-Change-Info: We have moved to the new domain business-api.tiktok.com for API services after the Platform Upgrade on 09/30/2021. Please update all of your requests with the new domain if you haven't done so already. For more information, please visit https://ads.tiktok.com/marketing_api/docs?rid=esb88xalm6m&id=1709207085043713
X-Tt-Logid: 20230122094431107023D14FA0213B7DB3
x-tt-trace-host: 01f77e3dd1b6bb1395cc37f6ff8e7069f62074b31a9b01b6a3869a9ab31d10ebcb4828b02d96e9b98858c4e59580b355cd5871e4ddd302fb3312a5840231165e06e58be343d373c25fcfcf991c1e1f74a769fea1e936879f33834fd7905cc97c51445c149ec79d929d071129e8d277529e
X-Origin-Response-Time: 13,23.64.122.102
X-Akamai-Request-ID: afa0ba7e.18d01c62
Expires: Sun, 22 Jan 2023 09:44:32 GMT
Cache-Control: max-age=0, no-cache, no-store
Pragma: no-cache
Date: Sun, 22 Jan 2023 09:44:32 GMT
X-Cache: TCP_MISS from a88-221-145-47.deploy.akamaitechnologies.com (AkamaiGHost/10.10.3-45298580) (-)
Connection: close
X-Cache-Remote: TCP_MISS from a23-64-122-102.deploy.akamaitechnologies.com (AkamaiGHost/10.10.3-45298580) (-)
x-tt-trace-tag: id=16;cdn-cache=miss;type=dyn
Server-Timing: cdn-cache; desc=MISS, edge; dur=175, origin; dur=13
Server-Timing: inner; dur=9
X-Parent-Response-Time: 175,88.221.145.47

{"code":40001,"message":"Permission denied.","request_id":"20230122094431107023D14FA0213B7DB3"}

